<?xml version="1.0" encoding="UTF-8"?>
<!-- Generated by org.testng.reporters.JUnitReportReporter -->
<testsuite hostname="Desktop-282" failures="0" tests="1" name="TestCases.login" time="0.008" errors="0" timestamp="2025-03-10T16:32:29 IST" skipped="0">
  <testcase classname="TestCases.login" name="logintest" time="0.008"/>
</testsuite> <!-- TestCases.login -->
