<?xml version="1.0" encoding="UTF-8"?>
<!-- Generated by org.testng.reporters.JUnitReportReporter -->
<testsuite hostname="Desktop-282" failures="0" tests="1" name="TestCases.CreateTestKit" time="2.741" errors="0" timestamp="2025-03-24T15:41:44 IST" skipped="0">
  <testcase classname="TestCases.CreateTestKit" name="testkit" time="2.741"/>
</testsuite> <!-- TestCases.CreateTestKit -->
